<?xml version="1.0" encoding="UTF-8"?>
<!-- Generated by org.testng.reporters.JUnitXMLReporter -->
<testsuite ignored="0" hostname="DESKTOP-LH1OVGR" failures="0" tests="4" name="Bank Account DataProvider Tests" time="0.081" errors="0" timestamp="2026-06-12T10:37:08 BST">
  <testcase classname="tests.BankAccountDataProviderTest" name="depositShouldIncreaseBalance" time="0.02"/>
  <testcase classname="tests.BankAccountDataProviderTest" name="depositShouldIncreaseBalance" time="0.02"/>
  <testcase classname="tests.BankAccountDataProviderTest" name="depositShouldIncreaseBalance" time="0.02"/>
  <testcase classname="tests.BankAccountDataProviderTest" name="depositShouldIncreaseBalance" time="0.02"/>
</testsuite> <!-- Bank Account DataProvider Tests -->
