<?xml version="1.0" encoding="UTF-8"?>
<!-- Generated by org.testng.reporters.JUnitXMLReporter -->
<testsuite ignored="0" hostname="DESKTOP-LH1OVGR" failures="0" tests="8" name="Bank Account DataProvider Tests" time="0.075" errors="0" timestamp="2026-06-12T14:50:50 BST">
  <testcase classname="tests.BankAccountThreadLocalTest" name="balanceTest" time="0.003"/>
  <testcase classname="tests.BankAccountThreadLocalTest" name="depositMultipleTimesTest" time="0.002"/>
  <testcase classname="tests.BankAccountThreadLocalTest" name="depositTest" time="0.001"/>
  <testcase classname="tests.BankAccountThreadLocalTest" name="depositZeroAmountTest" time="0.002"/>
  <testcase classname="tests.BankAccountThreadLocalTest" name="withdrawFullBalanceTest" time="0.0"/>
  <testcase classname="tests.BankAccountThreadLocalTest" name="withdrawMultipleTimesTest" time="0.002"/>
  <testcase classname="tests.BankAccountThreadLocalTest" name="withdrawTest" time="0.0"/>
  <testcase classname="tests.BankAccountThreadLocalTest" name="withdrawZeroAmountTest" time="0.0"/>
</testsuite> <!-- Bank Account DataProvider Tests -->
