<?xml version="1.0" encoding="UTF-8"?>
<!-- Generated by org.testng.reporters.JUnitXMLReporter -->
<testsuite ignored="0" hostname="DESKTOP-LH1OVGR" failures="1" tests="3" name="Bank Account Shared State Tests" time="0.105" errors="0" timestamp="2026-06-12T10:25:22 BST">
  <testcase classname="tests.BankAccountSharedStateTest" name="withdrawTest" time="0.012"/>
  <testcase classname="tests.BankAccountSharedStateTest" name="depositTest" time="0.012"/>
  <testcase classname="tests.BankAccountSharedStateTest" name="balanceTest" time="0.046">
    <failure type="java.lang.AssertionError" message="expected [100] but found [120]">
      <![CDATA[java.lang.AssertionError: expected [100] but found [120]
at tests.BankAccountSharedStateTest.balanceTest(BankAccountSharedStateTest.java:46)
at java.base/java.util.concurrent.Executors$RunnableAdapter.call(Executors.java:545)
at java.base/java.util.concurrent.FutureTask.run(FutureTask.java:330)
at java.base/java.util.concurrent.ThreadPoolExecutor.runWorker(ThreadPoolExecutor.java:1090)
at java.base/java.util.concurrent.ThreadPoolExecutor$Worker.run(ThreadPoolExecutor.java:614)
at java.base/java.lang.Thread.run(Thread.java:1516)
... Removed 18 stack frames]]>
    </failure>
  </testcase> <!-- balanceTest -->
</testsuite> <!-- Bank Account Shared State Tests -->
