<?xml version="1.0" encoding="UTF-8"?>
<!-- Generated by org.testng.reporters.JUnitXMLReporter -->
<testsuite ignored="0" hostname="DESKTOP-LH1OVGR" failures="0" tests="3" name="Bank Account ThreadLocal Tests" time="0.07" errors="0" timestamp="2026-06-12T10:30:03 BST">
  <testcase classname="tests.BankAccountThreadLocalTest" name="withdrawTest" time="0.007"/>
  <testcase classname="tests.BankAccountThreadLocalTest" name="balanceTest" time="0.007"/>
  <testcase classname="tests.BankAccountThreadLocalTest" name="depositTest" time="0.007"/>
</testsuite> <!-- Bank Account ThreadLocal Tests -->
