<?xml version="1.0" encoding="UTF-8"?>
<!-- Generated by org.testng.reporters.JUnitXMLReporter -->
<testsuite ignored="0" hostname="DESKTOP-LH1OVGR" failures="0" tests="4" name="Default test" time="8.125" errors="0" timestamp="2026-06-12T09:53:29 BST">
  <testcase classname="tests.ThreadInfoTest" name="testFour" time="2.028"/>
  <testcase classname="tests.ThreadInfoTest" name="testOne" time="2.015"/>
  <testcase classname="tests.ThreadInfoTest" name="testThree" time="2.009"/>
  <testcase classname="tests.ThreadInfoTest" name="testTwo" time="2.005"/>
</testsuite> <!-- Default test -->
