<?xml version="1.0" encoding="UTF-8"?>
<!-- Generated by org.testng.reporters.JUnitXMLReporter -->
<testsuite ignored="0" hostname="DESKTOP-LH1OVGR" failures="0" tests="4" name="Bank Account DataProvider Tests" time="0.18" errors="0" timestamp="2026-06-12T10:35:49 BST">
  <testcase classname="tests.BankAccountDataProviderTest" name="depositShouldIncreaseBalance" time="0.053"/>
  <testcase classname="tests.BankAccountDataProviderTest" name="depositShouldIncreaseBalance" time="0.054"/>
  <testcase classname="tests.BankAccountDataProviderTest" name="depositShouldIncreaseBalance" time="0.054"/>
  <testcase classname="tests.BankAccountDataProviderTest" name="depositShouldIncreaseBalance" time="0.054"/>
</testsuite> <!-- Bank Account DataProvider Tests -->
