<?xml version="1.0" encoding="UTF-8"?>
<!-- Generated by org.testng.reporters.JUnitXMLReporter -->
<testsuite ignored="0" hostname="DESKTOP-LH1OVGR" failures="2" tests="3" name="Bank Account Shared State Tests" time="0.203" errors="0" timestamp="2026-06-12T10:24:39 BST">
  <testcase classname="tests.BankAccountSharedStateTest" name="depositTest" time="0.039"/>
  <testcase classname="tests.BankAccountSharedStateTest" name="withdrawTest" time="0.071">
    <failure type="java.lang.AssertionError" message="expected [true] but found [false]">
      <![CDATA[java.lang.AssertionError: expected [true] but found [false]
at tests.BankAccountSharedStateTest.withdrawTest(BankAccountSharedStateTest.java:35)
at java.base/java.util.concurrent.Executors$RunnableAdapter.call(Executors.java:572)
at java.base/java.util.concurrent.FutureTask.run(FutureTask.java:317)
at java.base/java.util.concurrent.ThreadPoolExecutor.runWorker(ThreadPoolExecutor.java:1144)
at java.base/java.util.concurrent.ThreadPoolExecutor$Worker.run(ThreadPoolExecutor.java:642)
at java.base/java.lang.Thread.run(Thread.java:1583)
... Removed 15 stack frames]]>
    </failure>
  </testcase> <!-- withdrawTest -->
  <testcase classname="tests.BankAccountSharedStateTest" name="balanceTest" time="0.071">
    <failure type="java.lang.AssertionError" message="expected [100] but found [120]">
      <![CDATA[java.lang.AssertionError: expected [100] but found [120]
at tests.BankAccountSharedStateTest.balanceTest(BankAccountSharedStateTest.java:46)
at java.base/java.util.concurrent.Executors$RunnableAdapter.call(Executors.java:572)
at java.base/java.util.concurrent.FutureTask.run(FutureTask.java:317)
at java.base/java.util.concurrent.ThreadPoolExecutor.runWorker(ThreadPoolExecutor.java:1144)
at java.base/java.util.concurrent.ThreadPoolExecutor$Worker.run(ThreadPoolExecutor.java:642)
at java.base/java.lang.Thread.run(Thread.java:1583)
... Removed 18 stack frames]]>
    </failure>
  </testcase> <!-- balanceTest -->
</testsuite> <!-- Bank Account Shared State Tests -->
