<?xml version="1.0" encoding="UTF-8"?>
<!-- Generated by org.testng.reporters.JUnitXMLReporter -->
<testsuite ignored="0" hostname="DESKTOP-LH1OVGR" failures="0" tests="4" name="Thread Info Tests" time="8.069" errors="0" timestamp="2026-06-12T10:08:12 BST">
  <testcase classname="tests.ThreadInfoTest" name="testFour" time="2.009"/>
  <testcase classname="tests.ThreadInfoTest" name="testOne" time="2.002"/>
  <testcase classname="tests.ThreadInfoTest" name="testThree" time="2.002"/>
  <testcase classname="tests.ThreadInfoTest" name="testTwo" time="2.002"/>
</testsuite> <!-- Thread Info Tests -->
