<?xml version="1.0" encoding="UTF-8"?>
<testng-results ignored="0" total="4" passed="4" failed="0" skipped="0">
  <reporter-output>
  </reporter-output>
  <suite started-at="2026-06-12T10:37:08 BST" name="Parallel DataProvider Suite" finished-at="2026-06-12T10:37:08 BST" duration-ms="81">
    <groups>
    </groups>
    <test started-at="2026-06-12T10:37:08 BST" name="Bank Account DataProvider Tests" finished-at="2026-06-12T10:37:08 BST" duration-ms="81">
      <class name="tests.BankAccountDataProviderTest">
        <test-method signature="depositShouldIncreaseBalance(int,int,int)[pri:0, instance:tests.BankAccountDataProviderTest@1a84f40f]" started-at="2026-06-12T10:37:08 BST" name="depositShouldIncreaseBalance" data-provider="depositData" finished-at="2026-06-12T10:37:08 BST" duration-ms="20" status="PASS">
          <params>
            <param index="0">
              <value>
                <![CDATA[200]]>
              </value>
            </param>
            <param index="1">
              <value>
                <![CDATA[100]]>
              </value>
            </param>
            <param index="2">
              <value>
                <![CDATA[300]]>
              </value>
            </param>
          </params>
          <reporter-output>
          </reporter-output>
        </test-method> <!-- depositShouldIncreaseBalance -->
        <test-method signature="depositShouldIncreaseBalance(int,int,int)[pri:0, instance:tests.BankAccountDataProviderTest@1a84f40f]" started-at="2026-06-12T10:37:08 BST" name="depositShouldIncreaseBalance" data-provider="depositData" finished-at="2026-06-12T10:37:08 BST" duration-ms="20" status="PASS">
          <params>
            <param index="0">
              <value>
                <![CDATA[500]]>
              </value>
            </param>
            <param index="1">
              <value>
                <![CDATA[250]]>
              </value>
            </param>
            <param index="2">
              <value>
                <![CDATA[750]]>
              </value>
            </param>
          </params>
          <reporter-output>
          </reporter-output>
        </test-method> <!-- depositShouldIncreaseBalance -->
        <test-method signature="depositShouldIncreaseBalance(int,int,int)[pri:0, instance:tests.BankAccountDataProviderTest@1a84f40f]" started-at="2026-06-12T10:37:08 BST" name="depositShouldIncreaseBalance" data-provider="depositData" finished-at="2026-06-12T10:37:08 BST" duration-ms="20" status="PASS">
          <params>
            <param index="0">
              <value>
                <![CDATA[1000]]>
              </value>
            </param>
            <param index="1">
              <value>
                <![CDATA[500]]>
              </value>
            </param>
            <param index="2">
              <value>
                <![CDATA[1500]]>
              </value>
            </param>
          </params>
          <reporter-output>
          </reporter-output>
        </test-method> <!-- depositShouldIncreaseBalance -->
        <test-method signature="depositShouldIncreaseBalance(int,int,int)[pri:0, instance:tests.BankAccountDataProviderTest@1a84f40f]" started-at="2026-06-12T10:37:08 BST" name="depositShouldIncreaseBalance" data-provider="depositData" finished-at="2026-06-12T10:37:08 BST" duration-ms="20" status="PASS">
          <params>
            <param index="0">
              <value>
                <![CDATA[100]]>
              </value>
            </param>
            <param index="1">
              <value>
                <![CDATA[50]]>
              </value>
            </param>
            <param index="2">
              <value>
                <![CDATA[150]]>
              </value>
            </param>
          </params>
          <reporter-output>
          </reporter-output>
        </test-method> <!-- depositShouldIncreaseBalance -->
      </class> <!-- tests.BankAccountDataProviderTest -->
    </test> <!-- Bank Account DataProvider Tests -->
  </suite> <!-- Parallel DataProvider Suite -->
</testng-results>
