<?xml version="1.0" encoding="UTF-8"?>
<testng-results ignored="0" total="4" passed="4" failed="0" skipped="0">
  <reporter-output>
  </reporter-output>
  <suite started-at="2026-06-12T09:59:06 BST" name="Parallel TestNG Suite" finished-at="2026-06-12T09:59:08 BST" duration-ms="2124">
    <groups>
    </groups>
    <test started-at="2026-06-12T09:59:06 BST" name="Thread Info Tests" finished-at="2026-06-12T09:59:08 BST" duration-ms="2124">
      <class name="tests.ThreadInfoTest">
        <test-method signature="testThree()[pri:0, instance:tests.ThreadInfoTest@6b927fb]" started-at="2026-06-12T09:59:06 BST" name="testThree" finished-at="2026-06-12T09:59:08 BST" duration-ms="2031" status="PASS">
          <reporter-output>
          </reporter-output>
        </test-method> <!-- testThree -->
        <test-method signature="testTwo()[pri:0, instance:tests.ThreadInfoTest@6b927fb]" started-at="2026-06-12T09:59:06 BST" name="testTwo" finished-at="2026-06-12T09:59:08 BST" duration-ms="2031" status="PASS">
          <reporter-output>
          </reporter-output>
        </test-method> <!-- testTwo -->
        <test-method signature="testOne()[pri:0, instance:tests.ThreadInfoTest@6b927fb]" started-at="2026-06-12T09:59:06 BST" name="testOne" finished-at="2026-06-12T09:59:08 BST" duration-ms="2031" status="PASS">
          <reporter-output>
          </reporter-output>
        </test-method> <!-- testOne -->
        <test-method signature="testFour()[pri:0, instance:tests.ThreadInfoTest@6b927fb]" started-at="2026-06-12T09:59:06 BST" name="testFour" finished-at="2026-06-12T09:59:08 BST" duration-ms="2031" status="PASS">
          <reporter-output>
          </reporter-output>
        </test-method> <!-- testFour -->
      </class> <!-- tests.ThreadInfoTest -->
    </test> <!-- Thread Info Tests -->
  </suite> <!-- Parallel TestNG Suite -->
</testng-results>
