<?xml version="1.0" encoding="UTF-8"?>
<!-- Generated by org.testng.reporters.JUnitXMLReporter -->
<testsuite ignored="0" hostname="DESKTOP-LH1OVGR" failures="0" tests="4" name="Thread Info Tests" time="2.064" errors="0" timestamp="2026-06-12T10:01:49 BST">
  <testcase classname="tests.ThreadInfoTest" name="testFour" time="2.01"/>
  <testcase classname="tests.ThreadInfoTest" name="testThree" time="2.01"/>
  <testcase classname="tests.ThreadInfoTest" name="testTwo" time="2.01"/>
  <testcase classname="tests.ThreadInfoTest" name="testOne" time="2.012"/>
</testsuite> <!-- Thread Info Tests -->
