<?xml version="1.0" encoding="UTF-8"?>
<!-- Generated by org.testng.reporters.JUnitReportReporter -->
<testsuite hostname="DESKTOP-LH1OVGR" failures="0" tests="8" name="tests.BankAccountThreadLocalTest" time="0.072" errors="0" timestamp="2026-06-12T14:59:31 BST" skipped="0">
  <testcase classname="tests.BankAccountThreadLocalTest" name="balanceTest" time="0.022"/>
  <testcase classname="tests.BankAccountThreadLocalTest" name="depositMultipleTimesTest" time="0.019"/>
  <testcase classname="tests.BankAccountThreadLocalTest" name="withdrawFullBalanceTest" time="0.007"/>
  <testcase classname="tests.BankAccountThreadLocalTest" name="withdrawZeroAmountTest" time="0.004"/>
  <testcase classname="tests.BankAccountThreadLocalTest" name="withdrawTest" time="0.005"/>
  <testcase classname="tests.BankAccountThreadLocalTest" name="depositZeroAmountTest" time="0.005"/>
  <testcase classname="tests.BankAccountThreadLocalTest" name="depositTest" time="0.005"/>
  <testcase classname="tests.BankAccountThreadLocalTest" name="withdrawMultipleTimesTest" time="0.005"/>
</testsuite> <!-- tests.BankAccountThreadLocalTest -->
