<?xml version="1.0" encoding="UTF-8"?>
<!-- Generated by org.testng.reporters.JUnitReportReporter -->
<testsuite hostname="DESKTOP-LH1OVGR" failures="0" tests="3" name="tests.BankAccountThreadLocalTest" time="0.290" errors="0" timestamp="2026-06-12T10:29:46 BST" skipped="0">
  <testcase classname="tests.BankAccountThreadLocalTest" name="withdrawTest" time="0.096"/>
  <testcase classname="tests.BankAccountThreadLocalTest" name="balanceTest" time="0.097"/>
  <testcase classname="tests.BankAccountThreadLocalTest" name="depositTest" time="0.097"/>
</testsuite> <!-- tests.BankAccountThreadLocalTest -->
