<?xml version="1.0" encoding="UTF-8"?>
<!-- Generated by org.testng.reporters.JUnitReportReporter -->
<testsuite hostname="DESKTOP-LH1OVGR" failures="0" tests="4" name="tests.ThreadInfoTest" time="8.051" errors="0" timestamp="2026-06-12T10:18:43 BST" skipped="0">
  <testcase classname="tests.ThreadInfoTest" name="testFour" time="2.014"/>
  <testcase classname="tests.ThreadInfoTest" name="testOne" time="2.012"/>
  <testcase classname="tests.ThreadInfoTest" name="testThree" time="2.014"/>
  <testcase classname="tests.ThreadInfoTest" name="testTwo" time="2.011"/>
</testsuite> <!-- tests.ThreadInfoTest -->
