<?xml version="1.0" encoding="UTF-8"?>
<!-- Generated by org.testng.reporters.JUnitReportReporter -->
<testsuite hostname="DESKTOP-LH1OVGR" failures="0" tests="4" name="tests.BankAccountDataProviderTest" time="0.080" errors="0" timestamp="2026-06-12T10:37:08 BST" skipped="0">
  <testcase classname="tests.BankAccountDataProviderTest" name="depositShouldIncreaseBalance" time="0.020"/>
  <testcase classname="tests.BankAccountDataProviderTest" name="depositShouldIncreaseBalance" time="0.020"/>
  <testcase classname="tests.BankAccountDataProviderTest" name="depositShouldIncreaseBalance" time="0.020"/>
  <testcase classname="tests.BankAccountDataProviderTest" name="depositShouldIncreaseBalance" time="0.020"/>
</testsuite> <!-- tests.BankAccountDataProviderTest -->
