<?xml version="1.0" encoding="UTF-8"?>
<!-- Generated by org.testng.reporters.JUnitReportReporter -->
<testsuite hostname="DESKTOP-LH1OVGR" failures="0" tests="3" name="tests.BankAccountThreadLocalTest" time="0.056" errors="0" timestamp="2026-06-12T10:30:03 BST" skipped="0">
  <testcase classname="tests.BankAccountThreadLocalTest" name="depositTest" time="0.018"/>
  <testcase classname="tests.BankAccountThreadLocalTest" name="balanceTest" time="0.019"/>
  <testcase classname="tests.BankAccountThreadLocalTest" name="withdrawTest" time="0.019"/>
</testsuite> <!-- tests.BankAccountThreadLocalTest -->
