<?xml version="1.0" encoding="UTF-8"?>
<!-- Generated by org.testng.reporters.JUnitReportReporter -->
<testsuite hostname="DESKTOP-LH1OVGR" failures="0" tests="4" name="tests.BankAccountDataProviderTest" time="0.104" errors="0" timestamp="2026-06-12T10:46:22 BST" skipped="0">
  <testcase classname="tests.BankAccountDataProviderTest" name="depositShouldIncreaseBalance" time="0.026"/>
  <testcase classname="tests.BankAccountDataProviderTest" name="depositShouldIncreaseBalance" time="0.026"/>
  <testcase classname="tests.BankAccountDataProviderTest" name="depositShouldIncreaseBalance" time="0.026"/>
  <testcase classname="tests.BankAccountDataProviderTest" name="depositShouldIncreaseBalance" time="0.026"/>
</testsuite> <!-- tests.BankAccountDataProviderTest -->
