<?xml version="1.0" encoding="UTF-8"?>
<!-- Generated by org.testng.reporters.JUnitXMLReporter -->
<testsuite ignored="0" hostname="DESKTOP-LH1OVGR" failures="0" tests="3" name="Bank Account ThreadLocal Tests" time="0.214" errors="0" timestamp="2026-06-12T10:29:45 BST">
  <testcase classname="tests.BankAccountThreadLocalTest" name="withdrawTest" time="0.057"/>
  <testcase classname="tests.BankAccountThreadLocalTest" name="balanceTest" time="0.057"/>
  <testcase classname="tests.BankAccountThreadLocalTest" name="depositTest" time="0.057"/>
</testsuite> <!-- Bank Account ThreadLocal Tests -->
